CRITICAL - 2024-05-08 08:32:46 --> ErrorException: Undefined variable $db
in APPPATH\Models\Usuario.php on line 20.
 1 APPPATH\Models\Usuario.php(20): CodeIgniter\Debug\Exceptions->errorHandler(2, 'Undefined variable $db', 'C:\\xampp\\htdocs\\tfg\\app\\Models\\Usuario.php', 20)
 2 APPPATH\Controllers\Login.php(44): App\Models\Usuario->login([...])
 3 SYSTEMPATH\CodeIgniter.php(941): App\Controllers\Login->iniciarSesion()
 4 SYSTEMPATH\CodeIgniter.php(502): CodeIgniter\CodeIgniter->runController(Object(App\Controllers\Login))
 5 SYSTEMPATH\CodeIgniter.php(361): CodeIgniter\CodeIgniter->handleRequest(null, Object(Config\Cache), false)
 6 FCPATH\index.php(79): CodeIgniter\CodeIgniter->run()
CRITICAL - 2024-05-08 08:44:01 --> ErrorException: Undefined variable $db
in APPPATH\Models\Usuario.php on line 20.
 1 APPPATH\Models\Usuario.php(20): CodeIgniter\Debug\Exceptions->errorHandler(2, 'Undefined variable $db', 'C:\\xampp\\htdocs\\tfg\\app\\Models\\Usuario.php', 20)
 2 APPPATH\Controllers\Login.php(44): App\Models\Usuario->login([...])
 3 SYSTEMPATH\CodeIgniter.php(941): App\Controllers\Login->iniciarSesion()
 4 SYSTEMPATH\CodeIgniter.php(502): CodeIgniter\CodeIgniter->runController(Object(App\Controllers\Login))
 5 SYSTEMPATH\CodeIgniter.php(361): CodeIgniter\CodeIgniter->handleRequest(null, Object(Config\Cache), false)
 6 FCPATH\index.php(79): CodeIgniter\CodeIgniter->run()
ERROR - 2024-05-08 08:58:06 --> mysqli_sql_exception: Table 'webloc.blogs' doesn't exist in C:\xampp\htdocs\tfg\system\Database\MySQLi\Connection.php:306
Stack trace:
#0 C:\xampp\htdocs\tfg\system\Database\MySQLi\Connection.php(306): mysqli->query('SELECT *\nFROM `...', 0)
#1 C:\xampp\htdocs\tfg\system\Database\BaseConnection.php(693): CodeIgniter\Database\MySQLi\Connection->execute('SELECT *\nFROM `...')
#2 C:\xampp\htdocs\tfg\system\Database\BaseConnection.php(607): CodeIgniter\Database\BaseConnection->simpleQuery('SELECT *\nFROM `...')
#3 C:\xampp\htdocs\tfg\system\Database\BaseBuilder.php(1616): CodeIgniter\Database\BaseConnection->query('SELECT *\nFROM `...', Array, false)
#4 C:\xampp\htdocs\tfg\app\Models\Usuario.php(24): CodeIgniter\Database\BaseBuilder->get()
#5 C:\xampp\htdocs\tfg\app\Controllers\Login.php(44): App\Models\Usuario->login(Array)
#6 C:\xampp\htdocs\tfg\system\CodeIgniter.php(941): App\Controllers\Login->iniciarSesion()
#7 C:\xampp\htdocs\tfg\system\CodeIgniter.php(502): CodeIgniter\CodeIgniter->runController(Object(App\Controllers\Login))
#8 C:\xampp\htdocs\tfg\system\CodeIgniter.php(361): CodeIgniter\CodeIgniter->handleRequest(NULL, Object(Config\Cache), false)
#9 C:\xampp\htdocs\tfg\index.php(79): CodeIgniter\CodeIgniter->run()
#10 {main}
CRITICAL - 2024-05-08 08:58:06 --> CodeIgniter\Database\Exceptions\DatabaseException: Table 'webloc.blogs' doesn't exist
in SYSTEMPATH\Database\BaseConnection.php on line 647.
 1 SYSTEMPATH\Database\BaseBuilder.php(1616): CodeIgniter\Database\BaseConnection->query('SELECT *
FROM `blogs`
JOIN `comments` ON `comments`.`id` = `blogs`.`id`', [], false)
 2 APPPATH\Models\Usuario.php(24): CodeIgniter\Database\BaseBuilder->get()
 3 APPPATH\Controllers\Login.php(44): App\Models\Usuario->login([...])
 4 SYSTEMPATH\CodeIgniter.php(941): App\Controllers\Login->iniciarSesion()
 5 SYSTEMPATH\CodeIgniter.php(502): CodeIgniter\CodeIgniter->runController(Object(App\Controllers\Login))
 6 SYSTEMPATH\CodeIgniter.php(361): CodeIgniter\CodeIgniter->handleRequest(null, Object(Config\Cache), false)
 7 FCPATH\index.php(79): CodeIgniter\CodeIgniter->run()
CRITICAL - 2024-05-08 08:58:06 --> [Caused by] CodeIgniter\Database\Exceptions\DatabaseException: Table 'webloc.blogs' doesn't exist
in SYSTEMPATH\Database\MySQLi\Connection.php on line 311.
 1 SYSTEMPATH\Database\BaseConnection.php(693): CodeIgniter\Database\MySQLi\Connection->execute('SELECT *
FROM `blogs`
JOIN `comments` ON `comments`.`id` = `blogs`.`id`')
 2 SYSTEMPATH\Database\BaseConnection.php(607): CodeIgniter\Database\BaseConnection->simpleQuery('SELECT *
FROM `blogs`
JOIN `comments` ON `comments`.`id` = `blogs`.`id`')
 3 SYSTEMPATH\Database\BaseBuilder.php(1616): CodeIgniter\Database\BaseConnection->query('SELECT *
FROM `blogs`
JOIN `comments` ON `comments`.`id` = `blogs`.`id`', [], false)
 4 APPPATH\Models\Usuario.php(24): CodeIgniter\Database\BaseBuilder->get()
 5 APPPATH\Controllers\Login.php(44): App\Models\Usuario->login([...])
 6 SYSTEMPATH\CodeIgniter.php(941): App\Controllers\Login->iniciarSesion()
 7 SYSTEMPATH\CodeIgniter.php(502): CodeIgniter\CodeIgniter->runController(Object(App\Controllers\Login))
 8 SYSTEMPATH\CodeIgniter.php(361): CodeIgniter\CodeIgniter->handleRequest(null, Object(Config\Cache), false)
 9 FCPATH\index.php(79): CodeIgniter\CodeIgniter->run()
CRITICAL - 2024-05-08 08:58:06 --> [Caused by] mysqli_sql_exception: Table 'webloc.blogs' doesn't exist
in SYSTEMPATH\Database\MySQLi\Connection.php on line 306.
 1 SYSTEMPATH\Database\MySQLi\Connection.php(306): mysqli->query('SELECT *
FROM `blogs`
JOIN `comments` ON `comments`.`id` = `blogs`.`id`', 0)
 2 SYSTEMPATH\Database\BaseConnection.php(693): CodeIgniter\Database\MySQLi\Connection->execute('SELECT *
FROM `blogs`
JOIN `comments` ON `comments`.`id` = `blogs`.`id`')
 3 SYSTEMPATH\Database\BaseConnection.php(607): CodeIgniter\Database\BaseConnection->simpleQuery('SELECT *
FROM `blogs`
JOIN `comments` ON `comments`.`id` = `blogs`.`id`')
 4 SYSTEMPATH\Database\BaseBuilder.php(1616): CodeIgniter\Database\BaseConnection->query('SELECT *
FROM `blogs`
JOIN `comments` ON `comments`.`id` = `blogs`.`id`', [], false)
 5 APPPATH\Models\Usuario.php(24): CodeIgniter\Database\BaseBuilder->get()
 6 APPPATH\Controllers\Login.php(44): App\Models\Usuario->login([...])
 7 SYSTEMPATH\CodeIgniter.php(941): App\Controllers\Login->iniciarSesion()
 8 SYSTEMPATH\CodeIgniter.php(502): CodeIgniter\CodeIgniter->runController(Object(App\Controllers\Login))
 9 SYSTEMPATH\CodeIgniter.php(361): CodeIgniter\CodeIgniter->handleRequest(null, Object(Config\Cache), false)
10 FCPATH\index.php(79): CodeIgniter\CodeIgniter->run()
CRITICAL - 2024-05-08 09:03:20 --> TypeError: CodeIgniter\Database\BaseConnection::query(): Argument #1 ($sql) must be of type string, CodeIgniter\Database\MySQLi\Result given, called in C:\xampp\htdocs\tfg\app\Models\Usuario.php on line 31
in SYSTEMPATH\Database\BaseConnection.php on line 570.
 1 APPPATH\Models\Usuario.php(31): CodeIgniter\Database\BaseConnection->query(Object(CodeIgniter\Database\MySQLi\Result))
 2 APPPATH\Controllers\Login.php(44): App\Models\Usuario->login([...])
 3 SYSTEMPATH\CodeIgniter.php(941): App\Controllers\Login->iniciarSesion()
 4 SYSTEMPATH\CodeIgniter.php(502): CodeIgniter\CodeIgniter->runController(Object(App\Controllers\Login))
 5 SYSTEMPATH\CodeIgniter.php(361): CodeIgniter\CodeIgniter->handleRequest(null, Object(Config\Cache), false)
 6 FCPATH\index.php(79): CodeIgniter\CodeIgniter->run()
CRITICAL - 2024-05-08 09:04:37 --> ParseError: syntax error, unexpected identifier "var_dump"
in APPPATH\Models\Usuario.php on line 29.
 1 SYSTEMPATH\Autoloader\Autoloader.php(288): CodeIgniter\Autoloader\Autoloader->includeFile('C:\\xampp\\htdocs\\tfg\\app\\Models\\Usuario.php')
 2 SYSTEMPATH\Autoloader\Autoloader.php(266): CodeIgniter\Autoloader\Autoloader->loadInNamespace('App\\Models\\Usuario')
 3 APPPATH\Controllers\Login.php(40): CodeIgniter\Autoloader\Autoloader->loadClass('App\\Models\\Usuario')
 4 SYSTEMPATH\CodeIgniter.php(941): App\Controllers\Login->iniciarSesion()
 5 SYSTEMPATH\CodeIgniter.php(502): CodeIgniter\CodeIgniter->runController(Object(App\Controllers\Login))
 6 SYSTEMPATH\CodeIgniter.php(361): CodeIgniter\CodeIgniter->handleRequest(null, Object(Config\Cache), false)
 7 FCPATH\index.php(79): CodeIgniter\CodeIgniter->run()
