CRITICAL - 2024-03-26 11:08:29 --> TypeError: Unsupported operand types: string + string
in APPPATH\Views\login.php on line 46.
 1 SYSTEMPATH\View\View.php(228): include()
 2 SYSTEMPATH\View\View.php(231): CodeIgniter\View\View->CodeIgniter\View\{closure}()
 3 SYSTEMPATH\Common.php(1178): CodeIgniter\View\View->render('login.php', [], true)
 4 APPPATH\Controllers\Login.php(27): view('login.php', [...])
 5 SYSTEMPATH\CodeIgniter.php(941): App\Controllers\Login->iniciarSesion()
 6 SYSTEMPATH\CodeIgniter.php(502): CodeIgniter\CodeIgniter->runController(Object(App\Controllers\Login))
 7 SYSTEMPATH\CodeIgniter.php(361): CodeIgniter\CodeIgniter->handleRequest(null, Object(Config\Cache), false)
 8 FCPATH\index.php(79): CodeIgniter\CodeIgniter->run()
CRITICAL - 2024-03-26 11:15:05 --> TypeError: Unsupported operand types: string + string
in APPPATH\Views\login.php on line 46.
 1 SYSTEMPATH\View\View.php(228): include()
 2 SYSTEMPATH\View\View.php(231): CodeIgniter\View\View->CodeIgniter\View\{closure}()
 3 SYSTEMPATH\Common.php(1178): CodeIgniter\View\View->render('login.php', [], true)
 4 APPPATH\Controllers\Login.php(27): view('login.php', [...])
 5 SYSTEMPATH\CodeIgniter.php(941): App\Controllers\Login->iniciarSesion()
 6 SYSTEMPATH\CodeIgniter.php(502): CodeIgniter\CodeIgniter->runController(Object(App\Controllers\Login))
 7 SYSTEMPATH\CodeIgniter.php(361): CodeIgniter\CodeIgniter->handleRequest(null, Object(Config\Cache), false)
 8 FCPATH\index.php(79): CodeIgniter\CodeIgniter->run()
