CRITICAL - 2024-04-03 11:01:57 --> ErrorException: Cannot declare class App\Controllers\Login because the name is already in use
in APPPATH\Controllers\Login.php on line 6.
 1 [internal function]: CodeIgniter\Debug\Exceptions->shutdownHandler()
CRITICAL - 2024-04-03 11:03:34 --> Error: Class "Codeigniter\Model" not found
in APPPATH\Models\Usuario.php on line 7.
 1 SYSTEMPATH\Autoloader\Autoloader.php(309): include_once()
 2 SYSTEMPATH\Autoloader\Autoloader.php(288): CodeIgniter\Autoloader\Autoloader->includeFile('C:\\xampp\\htdocs\\tfg\\app\\Models\\Usuario.php')
 3 SYSTEMPATH\Autoloader\Autoloader.php(266): CodeIgniter\Autoloader\Autoloader->loadInNamespace('App\\Models\\Usuario')
 4 APPPATH\Controllers\Login.php(40): CodeIgniter\Autoloader\Autoloader->loadClass('App\\Models\\Usuario')
 5 SYSTEMPATH\CodeIgniter.php(941): App\Controllers\Login->iniciarSesion()
 6 SYSTEMPATH\CodeIgniter.php(502): CodeIgniter\CodeIgniter->runController(Object(App\Controllers\Login))
 7 SYSTEMPATH\CodeIgniter.php(361): CodeIgniter\CodeIgniter->handleRequest(null, Object(Config\Cache), false)
 8 FCPATH\index.php(79): CodeIgniter\CodeIgniter->run()
CRITICAL - 2024-04-03 11:05:08 --> Error: Class "App\Models\Model" not found
in APPPATH\Models\Usuario.php on line 7.
 1 SYSTEMPATH\Autoloader\Autoloader.php(309): include_once()
 2 SYSTEMPATH\Autoloader\Autoloader.php(288): CodeIgniter\Autoloader\Autoloader->includeFile('C:\\xampp\\htdocs\\tfg\\app\\Models\\Usuario.php')
 3 SYSTEMPATH\Autoloader\Autoloader.php(266): CodeIgniter\Autoloader\Autoloader->loadInNamespace('App\\Models\\Usuario')
 4 APPPATH\Controllers\Login.php(40): CodeIgniter\Autoloader\Autoloader->loadClass('App\\Models\\Usuario')
 5 SYSTEMPATH\CodeIgniter.php(941): App\Controllers\Login->iniciarSesion()
 6 SYSTEMPATH\CodeIgniter.php(502): CodeIgniter\CodeIgniter->runController(Object(App\Controllers\Login))
 7 SYSTEMPATH\CodeIgniter.php(361): CodeIgniter\CodeIgniter->handleRequest(null, Object(Config\Cache), false)
 8 FCPATH\index.php(79): CodeIgniter\CodeIgniter->run()
CRITICAL - 2024-04-03 16:53:42 --> Error: Undefined constant "App\Models\usuario"
in APPPATH\Models\Usuario.php on line 12.
 1 APPPATH\Controllers\Login.php(42): App\Models\Usuario->login([...])
 2 SYSTEMPATH\CodeIgniter.php(941): App\Controllers\Login->iniciarSesion()
 3 SYSTEMPATH\CodeIgniter.php(502): CodeIgniter\CodeIgniter->runController(Object(App\Controllers\Login))
 4 SYSTEMPATH\CodeIgniter.php(361): CodeIgniter\CodeIgniter->handleRequest(null, Object(Config\Cache), false)
 5 FCPATH\index.php(79): CodeIgniter\CodeIgniter->run()
